2025-01-20 20:46:19,624 Python 3.9.11
2025-01-20 20:46:19,624 Pyarmor 8.5.12 (pro), 005556, non-profits
2025-01-20 20:46:19,624 Platform windows.x86_64
2025-01-20 20:46:19,624 native platform windows.amd64
2025-01-20 20:46:19,624 home path: C:\Users\beixiao\.pyarmor
2025-01-20 20:46:19,625 command options: {'recursive': True, 'output': 'c:\\Users\\beixiao\\Project\\appBXGis\\src\\bxgis\\utils', 'no_runtime': False, 'import_prefix': 1, 'inputs': ['c:\\Users\\beixiao\\Project\\bxpy\\src\\bxpy']}
2025-01-20 20:46:19,625 install plugin: CodesignPlugin
2025-01-20 20:46:19,625 install plugin: DarwinUniversalPlugin
2025-01-20 20:46:19,625 search inputs ...
2025-01-20 20:46:19,625 find package at c:\Users\beixiao\Project\bxpy\src\bxpy
2025-01-20 20:46:19,627 find 1 top resources
2025-01-20 20:46:19,634 start to generate runtime files
2025-01-20 20:46:19,635 target platforms {'windows.amd64'}
2025-01-20 20:46:19,638 got C:\Users\beixiao\Project\bxpy\.venv\Lib\site-packages\pyarmor\cli\core\pyarmor_runtime.pyd
2025-01-20 20:46:19,638 write c:\Users\beixiao\Project\appBXGis\src\bxgis\utils\bxpy\pyarmor_runtime_005556\pyarmor_runtime.pyd
2025-01-20 20:46:19,638 patching runtime data at 529440
2025-01-20 20:46:19,641 patch runtime file OK
2025-01-20 20:46:19,642 call post runtime plugin <class 'pyarmor.cli.plugin.CodesignPlugin'>
2025-01-20 20:46:19,661 generate runtime files OK
2025-01-20 20:46:19,661 start to obfuscate scripts
2025-01-20 20:46:19,662 process resource "bxpy"
2025-01-20 20:46:19,662 obfuscating file __init__.py
2025-01-20 20:46:19,663 process inline marker
2025-01-20 20:46:19,664 parse script
2025-01-20 20:46:19,664 process co
2025-01-20 20:46:19,665 patch co
2025-01-20 20:46:19,667 write c:\Users\beixiao\Project\appBXGis\src\bxgis\utils\bxpy\__init__.py
2025-01-20 20:46:19,668 obfuscating file 元数据包.py
2025-01-20 20:46:19,670 process inline marker
2025-01-20 20:46:19,671 parse script
2025-01-20 20:46:19,673 process co
2025-01-20 20:46:19,694 patch co
2025-01-20 20:46:19,759 write c:\Users\beixiao\Project\appBXGis\src\bxgis\utils\bxpy\元数据包.py
2025-01-20 20:46:19,761 obfuscating file 压缩包.py
2025-01-20 20:46:19,762 process inline marker
2025-01-20 20:46:19,762 parse script
2025-01-20 20:46:19,765 process co
2025-01-20 20:46:19,776 patch co
2025-01-20 20:46:19,788 write c:\Users\beixiao\Project\appBXGis\src\bxgis\utils\bxpy\压缩包.py
2025-01-20 20:46:19,789 obfuscating file 基本对象包.py
2025-01-20 20:46:19,791 process inline marker
2025-01-20 20:46:19,791 parse script
2025-01-20 20:46:19,804 process co
2025-01-20 20:46:19,913 patch co
2025-01-20 20:46:20,025 write c:\Users\beixiao\Project\appBXGis\src\bxgis\utils\bxpy\基本对象包.py
2025-01-20 20:46:20,027 obfuscating file 定时任务包.py
2025-01-20 20:46:20,029 process inline marker
2025-01-20 20:46:20,029 parse script
2025-01-20 20:46:20,038 process co
2025-01-20 20:46:20,073 patch co
2025-01-20 20:46:20,105 write c:\Users\beixiao\Project\appBXGis\src\bxgis\utils\bxpy\定时任务包.py
2025-01-20 20:46:20,107 obfuscating file 数据库包.py
2025-01-20 20:46:20,109 process inline marker
2025-01-20 20:46:20,109 parse script
2025-01-20 20:46:20,115 process co
2025-01-20 20:46:20,173 patch co
2025-01-20 20:46:20,230 write c:\Users\beixiao\Project\appBXGis\src\bxgis\utils\bxpy\数据库包.py
2025-01-20 20:46:20,232 obfuscating file 日志包.py
2025-01-20 20:46:20,234 process inline marker
2025-01-20 20:46:20,234 parse script
2025-01-20 20:46:20,240 process co
2025-01-20 20:46:20,273 patch co
2025-01-20 20:46:20,300 write c:\Users\beixiao\Project\appBXGis\src\bxgis\utils\bxpy\日志包.py
2025-01-20 20:46:20,301 obfuscating file 时间包.py
2025-01-20 20:46:20,304 process inline marker
2025-01-20 20:46:20,304 parse script
2025-01-20 20:46:20,308 process co
2025-01-20 20:46:20,334 patch co
2025-01-20 20:46:20,371 write c:\Users\beixiao\Project\appBXGis\src\bxgis\utils\bxpy\时间包.py
2025-01-20 20:46:20,377 obfuscating file 服务包.py
2025-01-20 20:46:20,379 process inline marker
2025-01-20 20:46:20,379 parse script
2025-01-20 20:46:20,383 process co
2025-01-20 20:46:20,397 patch co
2025-01-20 20:46:20,413 write c:\Users\beixiao\Project\appBXGis\src\bxgis\utils\bxpy\服务包.py
2025-01-20 20:46:20,414 obfuscating file 构建发布包.py
2025-01-20 20:46:20,416 process inline marker
2025-01-20 20:46:20,416 parse script
2025-01-20 20:46:20,423 process co
2025-01-20 20:46:20,467 patch co
2025-01-20 20:46:20,491 write c:\Users\beixiao\Project\appBXGis\src\bxgis\utils\bxpy\构建发布包.py
2025-01-20 20:46:20,493 obfuscating file 测试包.py
2025-01-20 20:46:20,494 process inline marker
2025-01-20 20:46:20,494 parse script
2025-01-20 20:46:20,495 process co
2025-01-20 20:46:20,498 patch co
2025-01-20 20:46:20,505 write c:\Users\beixiao\Project\appBXGis\src\bxgis\utils\bxpy\测试包.py
2025-01-20 20:46:20,506 obfuscating file 界面包.py
2025-01-20 20:46:20,508 process inline marker
2025-01-20 20:46:20,508 parse script
2025-01-20 20:46:20,513 process co
2025-01-20 20:46:20,554 patch co
2025-01-20 20:46:20,594 write c:\Users\beixiao\Project\appBXGis\src\bxgis\utils\bxpy\界面包.py
2025-01-20 20:46:20,596 obfuscating file 系统包.py
2025-01-20 20:46:20,597 process inline marker
2025-01-20 20:46:20,598 parse script
2025-01-20 20:46:20,601 process co
2025-01-20 20:46:20,632 patch co
2025-01-20 20:46:20,674 write c:\Users\beixiao\Project\appBXGis\src\bxgis\utils\bxpy\系统包.py
2025-01-20 20:46:20,676 obfuscating file 网络会话包.py
2025-01-20 20:46:20,677 process inline marker
2025-01-20 20:46:20,677 parse script
2025-01-20 20:46:20,681 process co
2025-01-20 20:46:20,742 patch co
2025-01-20 20:46:20,798 write c:\Users\beixiao\Project\appBXGis\src\bxgis\utils\bxpy\网络会话包.py
2025-01-20 20:46:20,800 obfuscating file 网络框架包.py
2025-01-20 20:46:20,802 process inline marker
2025-01-20 20:46:20,802 parse script
2025-01-20 20:46:20,810 process co
2025-01-20 20:46:20,890 patch co
2025-01-20 20:46:20,981 write c:\Users\beixiao\Project\appBXGis\src\bxgis\utils\bxpy\网络框架包.py
2025-01-20 20:46:20,983 obfuscating file 路径包.py
2025-01-20 20:46:20,984 process inline marker
2025-01-20 20:46:20,985 parse script
2025-01-20 20:46:20,994 process co
2025-01-20 20:46:21,057 patch co
2025-01-20 20:46:21,119 write c:\Users\beixiao\Project\appBXGis\src\bxgis\utils\bxpy\路径包.py
2025-01-20 20:46:21,122 obfuscating file 进度条包.py
2025-01-20 20:46:21,124 process inline marker
2025-01-20 20:46:21,124 parse script
2025-01-20 20:46:21,125 process co
2025-01-20 20:46:21,131 patch co
2025-01-20 20:46:21,143 write c:\Users\beixiao\Project\appBXGis\src\bxgis\utils\bxpy\进度条包.py
2025-01-20 20:46:21,152 obfuscating file 进程包.py
2025-01-20 20:46:21,155 process inline marker
2025-01-20 20:46:21,155 parse script
2025-01-20 20:46:21,162 process co
2025-01-20 20:46:21,210 patch co
2025-01-20 20:46:21,258 write c:\Users\beixiao\Project\appBXGis\src\bxgis\utils\bxpy\进程包.py
2025-01-20 20:46:21,260 obfuscating file 邮件包.py
2025-01-20 20:46:21,262 process inline marker
2025-01-20 20:46:21,262 parse script
2025-01-20 20:46:21,264 process co
2025-01-20 20:46:21,272 patch co
2025-01-20 20:46:21,279 write c:\Users\beixiao\Project\appBXGis\src\bxgis\utils\bxpy\邮件包.py
2025-01-20 20:46:21,281 obfuscating file 优化_24.01.05.py
2025-01-20 20:46:21,283 process inline marker
2025-01-20 20:46:21,283 parse script
2025-01-20 20:46:21,290 process co
2025-01-20 20:46:21,356 patch co
2025-01-20 20:46:21,428 write c:\Users\beixiao\Project\appBXGis\src\bxgis\utils\bxpy\#历史版本\优化_24.01.05.py
2025-01-20 20:46:21,431 obfuscating file 优化_24.02.02.py
2025-01-20 20:46:21,432 process inline marker
2025-01-20 20:46:21,433 parse script
2025-01-20 20:46:21,439 process co
2025-01-20 20:46:21,510 patch co
2025-01-20 20:46:21,595 write c:\Users\beixiao\Project\appBXGis\src\bxgis\utils\bxpy\#历史版本\优化_24.02.02.py
2025-01-20 20:46:21,597 obfuscating file 会话包_24.03.20.py
2025-01-20 20:46:21,598 process inline marker
2025-01-20 20:46:21,598 parse script
2025-01-20 20:46:21,624 process co
2025-01-20 20:46:21,659 patch co
2025-01-20 20:46:21,711 write c:\Users\beixiao\Project\appBXGis\src\bxgis\utils\bxpy\#历史版本\会话包_24.03.20.py
2025-01-20 20:46:21,713 obfuscating file 包管理.py
2025-01-20 20:46:21,715 process inline marker
2025-01-20 20:46:21,715 parse script
2025-01-20 20:46:21,718 process co
2025-01-20 20:46:21,735 patch co
2025-01-20 20:46:21,752 write c:\Users\beixiao\Project\appBXGis\src\bxgis\utils\bxpy\#历史版本\包管理.py
2025-01-20 20:46:21,754 obfuscating file 压缩包_24.11.25.py
2025-01-20 20:46:21,756 process inline marker
2025-01-20 20:46:21,756 parse script
2025-01-20 20:46:21,759 process co
2025-01-20 20:46:21,775 patch co
2025-01-20 20:46:21,783 write c:\Users\beixiao\Project\appBXGis\src\bxgis\utils\bxpy\#历史版本\压缩包_24.11.25.py
2025-01-20 20:46:21,785 obfuscating file 基本数据包_24.03.20.py
2025-01-20 20:46:21,788 process inline marker
2025-01-20 20:46:21,788 parse script
2025-01-20 20:46:21,795 process co
2025-01-20 20:46:21,876 patch co
2025-01-20 20:46:21,954 write c:\Users\beixiao\Project\appBXGis\src\bxgis\utils\bxpy\#历史版本\基本数据包_24.03.20.py
2025-01-20 20:46:21,956 obfuscating file 字_23.11.12.py
2025-01-20 20:46:21,957 process inline marker
2025-01-20 20:46:21,957 parse script
2025-01-20 20:46:21,958 process co
2025-01-20 20:46:21,962 patch co
2025-01-20 20:46:21,975 write c:\Users\beixiao\Project\appBXGis\src\bxgis\utils\bxpy\#历史版本\字_23.11.12.py
2025-01-20 20:46:21,977 obfuscating file 定时任务包_24.11.08.py
2025-01-20 20:46:21,978 process inline marker
2025-01-20 20:46:21,979 parse script
2025-01-20 20:46:21,988 process co
2025-01-20 20:46:22,018 patch co
2025-01-20 20:46:22,045 write c:\Users\beixiao\Project\appBXGis\src\bxgis\utils\bxpy\#历史版本\定时任务包_24.11.08.py
2025-01-20 20:46:22,047 obfuscating file 常用_24.02.07.py
2025-01-20 20:46:22,048 process inline marker
2025-01-20 20:46:22,048 parse script
2025-01-20 20:46:22,049 process co
2025-01-20 20:46:22,054 patch co
2025-01-20 20:46:22,061 write c:\Users\beixiao\Project\appBXGis\src\bxgis\utils\bxpy\#历史版本\常用_24.02.07.py
2025-01-20 20:46:22,063 obfuscating file 常用_24.03.20.py
2025-01-20 20:46:22,064 process inline marker
2025-01-20 20:46:22,064 parse script
2025-01-20 20:46:22,065 process co
2025-01-20 20:46:22,071 patch co
2025-01-20 20:46:22,081 write c:\Users\beixiao\Project\appBXGis\src\bxgis\utils\bxpy\#历史版本\常用_24.03.20.py
2025-01-20 20:46:22,086 obfuscating file 数据.py
2025-01-20 20:46:22,089 process inline marker
2025-01-20 20:46:22,089 parse script
2025-01-20 20:46:22,092 process co
2025-01-20 20:46:22,110 patch co
2025-01-20 20:46:22,138 write c:\Users\beixiao\Project\appBXGis\src\bxgis\utils\bxpy\#历史版本\数据.py
2025-01-20 20:46:22,140 obfuscating file 数据库_24.03.20.py
2025-01-20 20:46:22,141 process inline marker
2025-01-20 20:46:22,142 parse script
2025-01-20 20:46:22,146 process co
2025-01-20 20:46:22,195 patch co
2025-01-20 20:46:22,245 write c:\Users\beixiao\Project\appBXGis\src\bxgis\utils\bxpy\#历史版本\数据库_24.03.20.py
2025-01-20 20:46:22,247 obfuscating file 数据模型包_24.11.15.py
2025-01-20 20:46:22,249 process inline marker
2025-01-20 20:46:22,249 parse script
2025-01-20 20:46:22,249 process co
2025-01-20 20:46:22,252 patch co
2025-01-20 20:46:22,262 write c:\Users\beixiao\Project\appBXGis\src\bxgis\utils\bxpy\#历史版本\数据模型包_24.11.15.py
2025-01-20 20:46:22,263 obfuscating file 日志包_24.09.23.py
2025-01-20 20:46:22,265 process inline marker
2025-01-20 20:46:22,265 parse script
2025-01-20 20:46:22,271 process co
2025-01-20 20:46:22,298 patch co
2025-01-20 20:46:22,326 write c:\Users\beixiao\Project\appBXGis\src\bxgis\utils\bxpy\#历史版本\日志包_24.09.23.py
2025-01-20 20:46:22,328 obfuscating file 日志包_24.09.24.py
2025-01-20 20:46:22,329 process inline marker
2025-01-20 20:46:22,329 parse script
2025-01-20 20:46:22,334 process co
2025-01-20 20:46:22,361 patch co
2025-01-20 20:46:22,394 write c:\Users\beixiao\Project\appBXGis\src\bxgis\utils\bxpy\#历史版本\日志包_24.09.24.py
2025-01-20 20:46:22,395 obfuscating file 时间_24.03.20.py
2025-01-20 20:46:22,397 process inline marker
2025-01-20 20:46:22,397 parse script
2025-01-20 20:46:22,399 process co
2025-01-20 20:46:22,435 patch co
2025-01-20 20:46:22,467 write c:\Users\beixiao\Project\appBXGis\src\bxgis\utils\bxpy\#历史版本\时间_24.03.20.py
2025-01-20 20:46:22,469 obfuscating file 机器学习_24.03.20.py
2025-01-20 20:46:22,472 process inline marker
2025-01-20 20:46:22,472 parse script
2025-01-20 20:46:22,480 process co
2025-01-20 20:46:22,558 patch co
2025-01-20 20:46:22,645 write c:\Users\beixiao\Project\appBXGis\src\bxgis\utils\bxpy\#历史版本\机器学习_24.03.20.py
2025-01-20 20:46:22,647 obfuscating file 流程_24.03.20.py
2025-01-20 20:46:22,649 process inline marker
2025-01-20 20:46:22,649 parse script
2025-01-20 20:46:22,650 process co
2025-01-20 20:46:22,677 patch co
2025-01-20 20:46:22,709 write c:\Users\beixiao\Project\appBXGis\src\bxgis\utils\bxpy\#历史版本\流程_24.03.20.py
2025-01-20 20:46:22,711 obfuscating file 深度学习_24.03.20.py
2025-01-20 20:46:22,712 process inline marker
2025-01-20 20:46:22,712 parse script
2025-01-20 20:46:22,716 process co
2025-01-20 20:46:22,748 patch co
2025-01-20 20:46:22,790 write c:\Users\beixiao\Project\appBXGis\src\bxgis\utils\bxpy\#历史版本\深度学习_24.03.20.py
2025-01-20 20:46:22,792 obfuscating file 版本管理.py
2025-01-20 20:46:22,793 process inline marker
2025-01-20 20:46:22,793 parse script
2025-01-20 20:46:22,795 process co
2025-01-20 20:46:22,820 patch co
2025-01-20 20:46:22,843 write c:\Users\beixiao\Project\appBXGis\src\bxgis\utils\bxpy\#历史版本\版本管理.py
2025-01-20 20:46:22,844 obfuscating file 系统_24.01.05.py
2025-01-20 20:46:22,846 process inline marker
2025-01-20 20:46:22,847 parse script
2025-01-20 20:46:22,879 process co
2025-01-20 20:46:22,951 patch co
2025-01-20 20:46:23,029 write c:\Users\beixiao\Project\appBXGis\src\bxgis\utils\bxpy\#历史版本\系统_24.01.05.py
2025-01-20 20:46:23,031 obfuscating file 系统_24.03.20.py
2025-01-20 20:46:23,033 process inline marker
2025-01-20 20:46:23,033 parse script
2025-01-20 20:46:23,043 process co
2025-01-20 20:46:23,108 patch co
2025-01-20 20:46:23,164 write c:\Users\beixiao\Project\appBXGis\src\bxgis\utils\bxpy\#历史版本\系统_24.03.20.py
2025-01-20 20:46:23,166 obfuscating file 网络.py
2025-01-20 20:46:23,167 process inline marker
2025-01-20 20:46:23,167 parse script
2025-01-20 20:46:23,168 process co
2025-01-20 20:46:23,173 patch co
2025-01-20 20:46:23,179 write c:\Users\beixiao\Project\appBXGis\src\bxgis\utils\bxpy\#历史版本\网络.py
2025-01-20 20:46:23,180 obfuscating file 网络2.py
2025-01-20 20:46:23,181 process inline marker
2025-01-20 20:46:23,182 parse script
2025-01-20 20:46:23,182 process co
2025-01-20 20:46:23,184 patch co
2025-01-20 20:46:23,188 write c:\Users\beixiao\Project\appBXGis\src\bxgis\utils\bxpy\#历史版本\网络2.py
2025-01-20 20:46:23,190 obfuscating file 网络框架_23.10.01.py
2025-01-20 20:46:23,191 process inline marker
2025-01-20 20:46:23,191 parse script
2025-01-20 20:46:23,197 process co
2025-01-20 20:46:23,291 patch co
2025-01-20 20:46:23,388 write c:\Users\beixiao\Project\appBXGis\src\bxgis\utils\bxpy\#历史版本\网络框架_23.10.01.py
2025-01-20 20:46:23,390 obfuscating file 网络框架_24.03.20.py
2025-01-20 20:46:23,392 process inline marker
2025-01-20 20:46:23,393 parse script
2025-01-20 20:46:23,398 process co
2025-01-20 20:46:23,515 patch co
2025-01-20 20:46:23,639 write c:\Users\beixiao\Project\appBXGis\src\bxgis\utils\bxpy\#历史版本\网络框架_24.03.20.py
2025-01-20 20:46:23,641 obfuscating file 转换_24.03.20.py
2025-01-20 20:46:23,643 process inline marker
2025-01-20 20:46:23,643 parse script
2025-01-20 20:46:23,644 process co
2025-01-20 20:46:23,650 patch co
2025-01-20 20:46:23,658 write c:\Users\beixiao\Project\appBXGis\src\bxgis\utils\bxpy\#历史版本\转换_24.03.20.py
2025-01-20 20:46:23,659 obfuscate scripts OK
2025-01-20 20:46:23,660 call post build plugin <class 'pyarmor.cli.plugin.DarwinUniversalPlugin'>
s\beixiao\Project\appBXGis\src\bxgis\utils\bxpy\#历史版本\日志包_24.09.24.py
2025-01-20 20:46:22,395 obfuscating file 时间_24.03.20.py
2025-01-20 20:46:22,397 process inline marker
2025-01-20 20:46:22,397 parse script
2025-01-20 20:46:22,399 process co
2025-01-20 20:46:22,435 patch co
2025-01-20 20:46:22,467 write c:\Users\beixiao\Project\appBXGis\src\bxgis\utils\bxpy\#历史版本\时间_24.03.20.py
2025-01-20 20:46:22,469 obfuscating file 机器学习_24.03.20.py
2025-01-20 20:46:22,472 process inline marker
2025-01-20 20:46:22,472 parse script
2025-01-20 20:46:22,480 process co
2025-01-20 20:46:22,558 patch co
2025-01-20 20:46:22,645 write c:\Users\beixiao\Project\appBXGis\src\bxgis\utils\bxpy\#历史版本\机器学习_24.03.20.py
2025-01-20 20:46:22,647 obfuscating file 流程_24.03.20.py
2025-01-20 20:46:22,649 process inline marker
2025-01-20 20:46:22,649 parse script
2025-01-20 20:46:22,650 process co
2025-01-20 20:46:22,677 patch co
2025-01-20 20:46:22,709 write c:\Users\beixiao\Project\appBXGis\src\bxgis\utils\bxpy\#历史版本\流程_24.03.20.py
2025-01-20 20:46:22,711 obfuscating file 深度学习_24.03.20.py
2025-01-20 20:46:22,712 process inline marker
2025-01-20 20:46:22,712 parse script
2025-01-20 20:46:22,716 process co
2025-01-20 20:46:22,748 patch co
2025-01-20 20:46:22,790 write c:\Users\beixiao\Project\appBXGis\src\bxgis\utils\bxpy\#历史版本\深度学习_24.03.20.py
2025-01-20 20:46:22,792 obfuscating file 版本管理.py
2025-01-20 20:46:22,793 process inline marker
2025-01-20 20:46:22,793 parse script
2025-01-20 20:46:22,795 process co
2025-01-20 20:46:22,820 patch co
2025-01-20 20:46:22,843 write c:\Users\beixiao\Project\appBXGis\src\bxgis\utils\bxpy\#历史版本\版本管理.py
2025-01-20 20:46:22,844 obfuscating file 系统_24.01.05.py
2025-01-20 20:46:22,846 process inline marker
2025-01-20 20:46:22,847 parse script
2025-01-20 20:46:22,879 process co
2025-01-20 20:46:22,951 patch co
2025-01-20 20:46:23,029 write c:\Users\beixiao\Project\appBXGis\src\bxgis\utils\bxpy\#历史版本\系统_24.01.05.py
2025-01-20 20:46:23,031 obfuscating file 系统_24.03.20.py
2025-01-20 20:46:23,033 process inline marker
2025-01-20 20:46:23,033 parse script
2025-01-20 20:46:23,043 process co
2025-01-20 20:46:23,108 patch co
2025-01-20 20:46:23,164 write c:\Users\beixiao\Project\appBXGis\src\bxgis\utils\bxpy\#历史版本\系统_24.03.20.py
2025-01-20 20:46:23,166 obfuscating file 网络.py
2025-01-20 20:46:23,167 process inline marker
2025-01-20 20:46:23,167 parse script
2025-01-20 20:46:23,168 process co
2025-01-20 20:46:23,173 patch co
2025-01-20 20:46:23,179 write c:\Users\beixiao\Project\appBXGis\src\bxgis\utils\bxpy\#历史版本\网络.py
2025-01-20 20:46:23,180 obfuscating file 网络2.py
2025-01-20 20:46:23,181 process inline marker
2025-01-20 20:46:23,182 parse script
2025-01-20 20:46:23,182 process co
2025-01-20 20:46:23,184 patch co
2025-01-20 20:46:23,188 write c:\Users\beixiao\Project\appBXGis\src\bxgis\utils\bxpy\#历史版本\网络2.py
2025-01-20 20:46:23,190 obfuscating file 网络框架_23.10.01.py
2025-01-20 20:46:23,191 process inline marker
2025-01-20 20:46:23,191 parse script
2025-01-20 20:46:23,197 process co
2025-01-20 20:46:23,291 patch co
2025-01-20 20:46:23,388 write c:\Users\beixiao\Project\appBXGis\src\bxgis\utils\bxpy\#历史版本\网络框架_23.10.01.py
2025-01-20 20:46:23,390 obfuscating file 网络框架_24.03.20.py
2025-01-20 20:46:23,392 process inline marker
2025-01-20 20:46:23,393 parse script
2025-01-20 20:46:23,398 process co
2025-01-20 20:46:23,515 patch co
2025-01-20 20:46:23,639 write c:\Users\beixiao\Project\appBXGis\src\bxgis\utils\bxpy\#历史版本\网络框架_24.03.20.py
2025-01-20 20:46:23,641 obfuscating file 转换_24.03.20.py
2025-01-20 20:46:23,643 process inline marker
2025-01-20 20:46:23,643 parse script
2025-01-20 20:46:23,644 process co
2025-01-20 20:46:23,650 patch co
2025-01-20 20:46:23,658 write c:\Users\beixiao\Project\appBXGis\src\bxgis\utils\bxpy\#历史版本\转换_24.03.20.py
2025-01-20 20:46:23,659 obfuscate scripts OK
2025-01-20 20:46:23,660 call post build plugin <class 'pyarmor.cli.plugin.DarwinUniversalPlugin'>
t\appBXGis\src\bxgis\utils\bxpy\#历史版本\字_23.11.12.py
2025-01-20 20:46:21,977 obfuscating file 定时任务包_24.11.08.py
2025-01-20 20:46:21,978 process inline marker
2025-01-20 20:46:21,979 parse script
2025-01-20 20:46:21,988 process co
2025-01-20 20:46:22,018 patch co
2025-01-20 20:46:22,045 write c:\Users\beixiao\Project\appBXGis\src\bxgis\utils\bxpy\#历史版本\定时任务包_24.11.08.py
2025-01-20 20:46:22,047 obfuscating file 常用_24.02.07.py
2025-01-20 20:46:22,048 process inline marker
2025-01-20 20:46:22,048 parse script
2025-01-20 20:46:22,049 process co
2025-01-20 20:46:22,054 patch co
2025-01-20 20:46:22,061 write c:\Users\beixiao\Project\appBXGis\src\bxgis\utils\bxpy\#历史版本\常用_24.02.07.py
2025-01-20 20:46:22,063 obfuscating file 常用_24.03.20.py
2025-01-20 20:46:22,064 process inline marker
2025-01-20 20:46:22,064 parse script
2025-01-20 20:46:22,065 process co
2025-01-20 20:46:22,071 patch co
2025-01-20 20:46:22,081 write c:\Users\beixiao\Project\appBXGis\src\bxgis\utils\bxpy\#历史版本\常用_24.03.20.py
2025-01-20 20:46:22,086 obfuscating file 数据.py
2025-01-20 20:46:22,089 process inline marker
2025-01-20 20:46:22,089 parse script
2025-01-20 20:46:22,092 process co
2025-01-20 20:46:22,110 patch co
2025-01-20 20:46:22,138 write c:\Users\beixiao\Project\appBXGis\src\bxgis\utils\bxpy\#历史版本\数据.py
2025-01-20 20:46:22,140 obfuscating file 数据库_24.03.20.py
2025-01-20 20:46:22,141 process inline marker
2025-01-20 20:46:22,142 parse script
2025-01-20 20:46:22,146 process co
2025-01-20 20:46:22,195 patch co
2025-01-20 20:46:22,245 write c:\Users\beixiao\Project\appBXGis\src\bxgis\utils\bxpy\#历史版本\数据库_24.03.20.py
2025-01-20 20:46:22,247 obfuscating file 数据模型包_24.11.15.py
2025-01-20 20:46:22,249 process inline marker
2025-01-20 20:46:22,249 parse script
2025-01-20 20:46:22,249 process co
2025-01-20 20:46:22,252 patch co
2025-01-20 20:46:22,262 write c:\Users\beixiao\Project\appBXGis\src\bxgis\utils\bxpy\#历史版本\数据模型包_24.11.15.py
2025-01-20 20:46:22,263 obfuscating file 日志包_24.09.23.py
2025-01-20 20:46:22,265 process inline marker
2025-01-20 20:46:22,265 parse script
2025-01-20 20:46:22,271 process co
2025-01-20 20:46:22,298 patch co
2025-01-20 20:46:22,326 write c:\Users\beixiao\Project\appBXGis\src\bxgis\utils\bxpy\#历史版本\日志包_24.09.23.py
2025-01-20 20:46:22,328 obfuscating file 日志包_24.09.24.py
2025-01-20 20:46:22,329 process inline marker
2025-01-20 20:46:22,329 parse script
2025-01-20 20:46:22,334 process co
2025-01-20 20:46:22,361 patch co
2025-01-20 20:46:22,394 write c:\Users\beixiao\Project\appBXGis\src\bxgis\utils\bxpy\#历史版本\日志包_24.09.24.py
2025-01-20 20:46:22,395 obfuscating file 时间_24.03.20.py
2025-01-20 20:46:22,397 process inline marker
2025-01-20 20:46:22,397 parse script
2025-01-20 20:46:22,399 process co
2025-01-20 20:46:22,435 patch co
2025-01-20 20:46:22,467 write c:\Users\beixiao\Project\appBXGis\src\bxgis\utils\bxpy\#历史版本\时间_24.03.20.py
2025-01-20 20:46:22,469 obfuscating file 机器学习_24.03.20.py
2025-01-20 20:46:22,472 process inline marker
2025-01-20 20:46:22,472 parse script
2025-01-20 20:46:22,480 process co
2025-01-20 20:46:22,558 patch co
2025-01-20 20:46:22,645 write c:\Users\beixiao\Project\appBXGis\src\bxgis\utils\bxpy\#历史版本\机器学习_24.03.20.py
2025-01-20 20:46:22,647 obfuscating file 流程_24.03.20.py
2025-01-20 20:46:22,649 process inline marker
2025-01-20 20:46:22,649 parse script
2025-01-20 20:46:22,650 process co
2025-01-20 20:46:22,677 patch co
2025-01-20 20:46:22,709 write c:\Users\beixiao\Project\appBXGis\src\bxgis\utils\bxpy\#历史版本\流程_24.03.20.py
2025-01-20 20:46:22,711 obfuscating file 深度学习_24.03.20.py
2025-01-20 20:46:22,712 process inline marker
2025-01-20 20:46:22,712 parse script
2025-01-20 20:46:22,716 process co
2025-01-20 20:46:22,748 patch co
2025-01-20 20:46:22,790 write c:\Users\beixiao\Project\appBXGis\src\bxgis\utils\bxpy\#历史版本\深度学习_24.03.20.py
2025-01-20 20:46:22,792 obfuscating file 版本管理.py
2025-01-20 20:46:22,793 process inline marker
2025-01-20 20:46:22,793 parse script
2025-01-20 20:46:22,795 process co
2025-01-20 20:46:22,820 patch co
2025-01-20 20:46:22,843 write c:\Users\beixiao\Project\appBXGis\src\bxgis\utils\bxpy\#历史版本\版本管理.py
2025-01-20 20:46:22,844 obfuscating file 系统_24.01.05.py
2025-01-20 20:46:22,846 process inline marker
2025-01-20 20:46:22,847 parse script
2025-01-20 20:46:22,879 process co
2025-01-20 20:46:22,951 patch co
2025-01-20 20:46:23,029 write c:\Users\beixiao\Project\appBXGis\src\bxgis\utils\bxpy\#历史版本\系统_24.01.05.py
2025-01-20 20:46:23,031 obfuscating file 系统_24.03.20.py
2025-01-20 20:46:23,033 process inline marker
2025-01-20 20:46:23,033 parse script
2025-01-20 20:46:23,043 process co
2025-01-20 20:46:23,108 patch co
2025-01-20 20:46:23,164 write c:\Users\beixiao\Project\appBXGis\src\bxgis\utils\bxpy\#历史版本\系统_24.03.20.py
2025-01-20 20:46:23,166 obfuscating file 网络.py
2025-01-20 20:46:23,167 process inline marker
2025-01-20 20:46:23,167 parse script
2025-01-20 20:46:23,168 process co
2025-01-20 20:46:23,173 patch co
2025-01-20 20:46:23,179 write c:\Users\beixiao\Project\appBXGis\src\bxgis\utils\bxpy\#历史版本\网络.py
2025-01-20 20:46:23,180 obfuscating file 网络2.py
2025-01-20 20:46:23,181 process inline marker
2025-01-20 20:46:23,182 parse script
2025-01-20 20:46:23,182 process co
2025-01-20 20:46:23,184 patch co
2025-01-20 20:46:23,188 write c:\Users\beixiao\Project\appBXGis\src\bxgis\utils\bxpy\#历史版本\网络2.py
2025-01-20 20:46:23,190 obfuscating file 网络框架_23.10.01.py
2025-01-20 20:46:23,191 process inline marker
2025-01-20 20:46:23,191 parse script
2025-01-20 20:46:23,197 process co
2025-01-20 20:46:23,291 patch co
2025-01-20 20:46:23,388 write c:\Users\beixiao\Project\appBXGis\src\bxgis\utils\bxpy\#历史版本\网络框架_23.10.01.py
2025-01-20 20:46:23,390 obfuscating file 网络框架_24.03.20.py
2025-01-20 20:46:23,392 process inline marker
2025-01-20 20:46:23,393 parse script
2025-01-20 20:46:23,398 process co
2025-01-20 20:46:23,515 patch co
2025-01-20 20:46:23,639 write c:\Users\beixiao\Project\appBXGis\src\bxgis\utils\bxpy\#历史版本\网络框架_24.03.20.py
2025-01-20 20:46:23,641 obfuscating file 转换_24.03.20.py
2025-01-20 20:46:23,643 process inline marker
2025-01-20 20:46:23,643 parse script
2025-01-20 20:46:23,644 process co
2025-01-20 20:46:23,650 patch co
2025-01-20 20:46:23,658 write c:\Users\beixiao\Project\appBXGis\src\bxgis\utils\bxpy\#历史版本\转换_24.03.20.py
2025-01-20 20:46:23,659 obfuscate scripts OK
2025-01-20 20:46:23,660 call post build plugin <class 'pyarmor.cli.plugin.DarwinUniversalPlugin'>
